2017-03-11 15:09:11,804 [Worker-1] INFO  c.g.t.t.d.PublishedGradleVersions - Gradle version information cache is up-to-date. Trying to read.
2017-03-11 16:10:02,829 [ModalContext] INFO  o.e.m.c.i.e.AbstractTransferListenerAdapter - Downloading https://repo.maven.apache.org/maven2/org/apache/maven/archetypes/maven-archetype-quickstart/1.1/maven-archetype-quickstart-1.1.jar
2017-03-11 16:10:02,945 [ModalContext] INFO  o.e.m.c.i.e.AbstractTransferListenerAdapter - Downloaded https://repo.maven.apache.org/maven2/org/apache/maven/archetypes/maven-archetype-quickstart/1.1/maven-archetype-quickstart-1.1.jar
2017-03-11 16:10:03,008 [ModalContext] INFO  o.e.m.c.i.e.AbstractTransferListenerAdapter - Downloading https://repo.maven.apache.org/maven2/org/apache/maven/archetypes/maven-archetype-quickstart/1.1/maven-archetype-quickstart-1.1.pom
2017-03-11 16:10:03,068 [ModalContext] INFO  o.e.m.c.i.e.AbstractTransferListenerAdapter - Downloaded https://repo.maven.apache.org/maven2/org/apache/maven/archetypes/maven-archetype-quickstart/1.1/maven-archetype-quickstart-1.1.pom
2017-03-11 16:10:21,332 [Worker-5] INFO  o.e.m.c.i.p.ProjectConfigurationManager - Collecting project info '/pom.xml' /Users/myolab/Desktop/huseyinsirtikara(maven)/bolmeodev/pom.xml
2017-03-11 16:10:23,873 [Worker-5] INFO  o.e.m.c.i.l.LifecycleMappingFactory - Using org.eclipse.m2e.jdt.JarLifecycleMapping lifecycle mapping for MavenProject: Bolme:bolmeodev:0.0.1-SNAPSHOT @ /Users/myolab/Desktop/huseyinsirtikara(maven)/bolmeodev/pom.xml.
2017-03-11 16:10:24,157 [Worker-5] INFO  o.e.m.j.i.AbstractJavaProjectConfigurator - Adding source folder /bolmeodev/src/main/java
2017-03-11 16:10:24,159 [Worker-5] INFO  o.e.m.j.i.AbstractJavaProjectConfigurator - Adding source folder /bolmeodev/src/test/java
2017-03-11 16:10:24,186 [Worker-5] INFO  o.e.m.c.i.p.ProjectConfigurationManager - Imported and configured 1 project(s) in 2 sec
2017-03-11 16:10:24,617 [Worker-14] INFO  o.e.m.c.i.embedder.EclipseLogger - Using 'UTF-8' encoding to copy filtered resources.
2017-03-11 16:10:24,617 [Worker-14] INFO  o.e.m.c.i.embedder.EclipseLogger - skip non existing resourceDirectory /Users/myolab/Desktop/huseyinsirtikara(maven)/bolmeodev/src/main/resources
2017-03-11 16:10:24,619 [Worker-14] INFO  o.e.m.c.i.embedder.EclipseLogger - Using 'UTF-8' encoding to copy filtered resources.
2017-03-11 16:10:24,619 [Worker-14] INFO  o.e.m.c.i.embedder.EclipseLogger - skip non existing resourceDirectory /Users/myolab/Desktop/huseyinsirtikara(maven)/bolmeodev/src/test/resources
2017-03-11 16:10:32,397 [Worker-17] INFO  o.e.m.c.i.embedder.EclipseLogger - Using 'UTF-8' encoding to copy filtered resources.
2017-03-11 16:10:32,397 [Worker-17] INFO  o.e.m.c.i.embedder.EclipseLogger - skip non existing resourceDirectory /Users/myolab/Desktop/huseyinsirtikara(maven)/bolmeodev/src/main/resources
2017-03-11 16:10:32,398 [Worker-17] INFO  o.e.m.c.i.embedder.EclipseLogger - Using 'UTF-8' encoding to copy filtered resources.
2017-03-11 16:10:32,398 [Worker-17] INFO  o.e.m.c.i.embedder.EclipseLogger - skip non existing resourceDirectory /Users/myolab/Desktop/huseyinsirtikara(maven)/bolmeodev/src/test/resources
2017-03-11 16:11:02,397 [Worker-14] INFO  o.e.m.c.i.embedder.EclipseLogger - Using 'UTF-8' encoding to copy filtered resources.
2017-03-11 16:11:02,397 [Worker-14] INFO  o.e.m.c.i.embedder.EclipseLogger - skip non existing resourceDirectory /Users/myolab/Desktop/huseyinsirtikara(maven)/bolmeodev/src/main/resources
2017-03-11 16:11:02,398 [Worker-14] INFO  o.e.m.c.i.embedder.EclipseLogger - Using 'UTF-8' encoding to copy filtered resources.
2017-03-11 16:11:02,398 [Worker-14] INFO  o.e.m.c.i.embedder.EclipseLogger - skip non existing resourceDirectory /Users/myolab/Desktop/huseyinsirtikara(maven)/bolmeodev/src/test/resources
2017-03-11 16:11:18,074 [Worker-5] INFO  o.e.m.c.i.embedder.EclipseLogger - Using 'UTF-8' encoding to copy filtered resources.
2017-03-11 16:11:18,074 [Worker-5] INFO  o.e.m.c.i.embedder.EclipseLogger - skip non existing resourceDirectory /Users/myolab/Desktop/huseyinsirtikara(maven)/bolmeodev/src/main/resources
2017-03-11 16:11:18,075 [Worker-5] INFO  o.e.m.c.i.embedder.EclipseLogger - Using 'UTF-8' encoding to copy filtered resources.
2017-03-11 16:11:18,075 [Worker-5] INFO  o.e.m.c.i.embedder.EclipseLogger - skip non existing resourceDirectory /Users/myolab/Desktop/huseyinsirtikara(maven)/bolmeodev/src/test/resources
2017-03-11 16:21:19,967 [Worker-19] INFO  o.e.m.c.i.embedder.EclipseLogger - Using 'UTF-8' encoding to copy filtered resources.
2017-03-11 16:21:19,967 [Worker-19] INFO  o.e.m.c.i.embedder.EclipseLogger - skip non existing resourceDirectory /Users/myolab/Desktop/huseyinsirtikara(maven)/bolmeodev/src/main/resources
2017-03-11 16:21:19,968 [Worker-19] INFO  o.e.m.c.i.embedder.EclipseLogger - Using 'UTF-8' encoding to copy filtered resources.
2017-03-11 16:21:19,968 [Worker-19] INFO  o.e.m.c.i.embedder.EclipseLogger - skip non existing resourceDirectory /Users/myolab/Desktop/huseyinsirtikara(maven)/bolmeodev/src/test/resources
2017-03-11 16:23:08,865 [Worker-21] INFO  o.e.m.c.i.embedder.EclipseLogger - Using 'UTF-8' encoding to copy filtered resources.
2017-03-11 16:23:08,865 [Worker-21] INFO  o.e.m.c.i.embedder.EclipseLogger - skip non existing resourceDirectory /Users/myolab/Desktop/huseyinsirtikara(maven)/bolmeodev/src/main/resources
2017-03-11 16:23:08,866 [Worker-21] INFO  o.e.m.c.i.embedder.EclipseLogger - Using 'UTF-8' encoding to copy filtered resources.
2017-03-11 16:23:08,866 [Worker-21] INFO  o.e.m.c.i.embedder.EclipseLogger - skip non existing resourceDirectory /Users/myolab/Desktop/huseyinsirtikara(maven)/bolmeodev/src/test/resources
2017-03-11 16:30:37,964 [Worker-23] INFO  o.e.m.c.i.embedder.EclipseLogger - Using 'UTF-8' encoding to copy filtered resources.
2017-03-11 16:30:37,964 [Worker-23] INFO  o.e.m.c.i.embedder.EclipseLogger - skip non existing resourceDirectory /Users/myolab/Desktop/huseyinsirtikara(maven)/bolmeodev/src/main/resources
2017-03-11 16:30:37,964 [Worker-23] INFO  o.e.m.c.i.embedder.EclipseLogger - Using 'UTF-8' encoding to copy filtered resources.
2017-03-11 16:30:37,964 [Worker-23] INFO  o.e.m.c.i.embedder.EclipseLogger - skip non existing resourceDirectory /Users/myolab/Desktop/huseyinsirtikara(maven)/bolmeodev/src/test/resources
2017-03-11 16:32:36,611 [Worker-25] INFO  o.e.m.c.i.embedder.EclipseLogger - Using 'UTF-8' encoding to copy filtered resources.
2017-03-11 16:32:36,611 [Worker-25] INFO  o.e.m.c.i.embedder.EclipseLogger - skip non existing resourceDirectory /Users/myolab/Desktop/huseyinsirtikara(maven)/bolmeodev/src/main/resources
2017-03-11 16:32:36,613 [Worker-25] INFO  o.e.m.c.i.embedder.EclipseLogger - Using 'UTF-8' encoding to copy filtered resources.
2017-03-11 16:32:36,613 [Worker-25] INFO  o.e.m.c.i.embedder.EclipseLogger - skip non existing resourceDirectory /Users/myolab/Desktop/huseyinsirtikara(maven)/bolmeodev/src/test/resources
2017-03-11 16:51:56,778 [Worker-2] INFO  c.g.t.t.d.PublishedGradleVersions - Gradle version information cache is up-to-date. Trying to read.
2017-03-11 16:51:57,388 [Worker-0] INFO  o.e.m.c.i.embedder.EclipseLogger - Using 'UTF-8' encoding to copy filtered resources.
2017-03-11 16:51:57,393 [Worker-0] INFO  o.e.m.c.i.embedder.EclipseLogger - skip non existing resourceDirectory /Users/myolab/Desktop/huseyinsirtikara(maven)/bolmeodev/src/main/resources
2017-03-11 16:51:57,395 [Worker-0] INFO  o.e.m.c.i.embedder.EclipseLogger - Using 'UTF-8' encoding to copy filtered resources.
2017-03-11 16:51:57,395 [Worker-0] INFO  o.e.m.c.i.embedder.EclipseLogger - skip non existing resourceDirectory /Users/myolab/Desktop/huseyinsirtikara(maven)/bolmeodev/src/test/resources
